asddsa

adsf

adsf

dsfa


fads


this is the new change
change 1
change 2
change2
change3
change4

change 1
change 2
change2
change3
change4
change 1
change 2
change2
change3
change4
change 1
change 2
change2
change3
change4
change4
change3
change4
change4
change3
change4
change4
change3
change4
change4
change3
change4
change4
change4
change3
change4
change4
change4
change3
change4
change4
change4
change3
change4
change4

change4
change3
change4
change4

change4
change3
change4
change4
change4
change3
change4
change4
change4
change3
change4
change4
change4
change3
change4
change4
http://localhost:8090/logs
change4
change4
change3
change4
change4
http://localhost:8090/logs
change4
change4
change3
change4
change4
http://localhost:8090/logs
change4
change4

change4
change4
change4
change4
change4
change4
change4
change4
change3
change4
change3
change4

change3
change4
change3
change4
change3
change4